<?xml version="1.0" encoding="UTF-8"?>
<testsuite xmlns:xsi="http://www.w3.org/2001/XMLSchema-instance" xsi:schemaLocation="https://maven.apache.org/surefire/maven-surefire-plugin/xsd/surefire-test-report.xsd" name="io.swagger.api.HRServiceTest" time="17.971" tests="4" errors="1" skipped="0" failures="0">
  <properties>
    <property name="java.runtime.name" value="OpenJDK Runtime Environment"/>
    <property name="java.vm.version" value="11.0.4+11-post-Ubuntu-1ubuntu218.04.3"/>
    <property name="sun.boot.library.path" value="/usr/lib/jvm/java-11-openjdk-amd64/lib"/>
    <property name="user.country.format" value="PT"/>
    <property name="maven.multiModuleProjectDirectory" value="/home/ribeiro/springserver"/>
    <property name="java.vm.vendor" value="Ubuntu"/>
    <property name="java.vendor.url" value="https://ubuntu.com/"/>
    <property name="guice.disable.misplaced.annotation.check" value="true"/>
    <property name="path.separator" value=":"/>
    <property name="java.vm.name" value="OpenJDK 64-Bit Server VM"/>
    <property name="sun.os.patch.level" value="unknown"/>
    <property name="user.country" value="US"/>
    <property name="sun.java.launcher" value="SUN_STANDARD"/>
    <property name="java.vm.specification.name" value="Java Virtual Machine Specification"/>
    <property name="user.dir" value="/home/ribeiro/springserver"/>
    <property name="java.vm.compressedOopsMode" value="32-bit"/>
    <property name="java.runtime.version" value="11.0.4+11-post-Ubuntu-1ubuntu218.04.3"/>
    <property name="java.awt.graphicsenv" value="sun.awt.X11GraphicsEnvironment"/>
    <property name="os.arch" value="amd64"/>
    <property name="java.io.tmpdir" value="/tmp"/>
    <property name="line.separator" value="&#10;"/>
    <property name="java.vm.specification.vendor" value="Oracle Corporation"/>
    <property name="os.name" value="Linux"/>
    <property name="classworlds.conf" value="/usr/share/maven/bin/m2.conf"/>
    <property name="sun.jnu.encoding" value="UTF-8"/>
    <property name="java.library.path" value="/usr/java/packages/lib:/usr/lib/x86_64-linux-gnu/jni:/lib/x86_64-linux-gnu:/usr/lib/x86_64-linux-gnu:/usr/lib/jni:/lib:/usr/lib"/>
    <property name="maven.conf" value="/usr/share/maven/conf"/>
    <property name="jdk.debug" value="release"/>
    <property name="java.class.version" value="55.0"/>
    <property name="java.specification.name" value="Java Platform API Specification"/>
    <property name="sun.management.compiler" value="HotSpot 64-Bit Tiered Compilers"/>
    <property name="os.version" value="5.0.0-32-generic"/>
    <property name="library.jansi.path" value="/usr/share/maven/lib/jansi-native"/>
    <property name="user.home" value="/home/ribeiro"/>
    <property name="user.timezone" value="Europe/Lisbon"/>
    <property name="java.awt.printerjob" value="sun.print.PSPrinterJob"/>
    <property name="file.encoding" value="UTF-8"/>
    <property name="java.specification.version" value="11"/>
    <property name="user.name" value="ribeiro"/>
    <property name="java.class.path" value="/usr/share/maven/boot/plexus-classworlds-2.x.jar"/>
    <property name="java.vm.specification.version" value="11"/>
    <property name="sun.arch.data.model" value="64"/>
    <property name="sun.java.command" value="org.codehaus.plexus.classworlds.launcher.Launcher install"/>
    <property name="java.home" value="/usr/lib/jvm/java-11-openjdk-amd64"/>
    <property name="user.language" value="en"/>
    <property name="java.specification.vendor" value="Oracle Corporation"/>
    <property name="user.language.format" value="pt"/>
    <property name="awt.toolkit" value="sun.awt.X11.XToolkit"/>
    <property name="java.vm.info" value="mixed mode, sharing"/>
    <property name="java.version" value="11.0.4"/>
    <property name="securerandom.source" value="file:/dev/./urandom"/>
    <property name="java.vendor" value="Ubuntu"/>
    <property name="maven.home" value="/usr/share/maven"/>
    <property name="file.separator" value="/"/>
    <property name="java.version.date" value="2019-07-16"/>
    <property name="java.vendor.url.bug" value="https://bugs.launchpad.net/ubuntu/+source/openjdk-lts"/>
    <property name="sun.io.unicode.encoding" value="UnicodeLittle"/>
    <property name="sun.cpu.endian" value="little"/>
    <property name="sun.cpu.isalist" value=""/>
  </properties>
  <testcase name="deleteEmployees_givenValidData_doNothing" classname="io.swagger.api.HRServiceTest" time="0.047"/>
  <testcase name="getEmployee_givenValidData_doGet" classname="io.swagger.api.HRServiceTest" time="0.007"/>
  <testcase name="employeeSet_givenValidData_doSet" classname="io.swagger.api.HRServiceTest" time="0.03">
    <error message="&#10;Only void methods can doNothing()!&#10;Example of correct use of doNothing():&#10;    doNothing().&#10;    doThrow(new RuntimeException())&#10;    .when(mock).someVoidMethod();&#10;Above means:&#10;someVoidMethod() does nothing the 1st time but throws an exception the 2nd time is called" type="org.mockito.exceptions.base.MockitoException">org.mockito.exceptions.base.MockitoException: 

Only void methods can doNothing()!
Example of correct use of doNothing():
    doNothing().
    doThrow(new RuntimeException())
    .when(mock).someVoidMethod();
Above means:
someVoidMethod() does nothing the 1st time but throws an exception the 2nd time is called
	at io.swagger.api.HRServiceTest.employeeSet_givenValidData_doSet(HRServiceTest.java:96)
</error>
  </testcase>
  <testcase name="getId_givenValidData_doGet" classname="io.swagger.api.HRServiceTest" time="0.011"/>
</testsuite>